c:\StereoScopy\StereoScopy\\debug\StereoScopy.exe
c:\StereoScopy\StereoScopy\\debug\StereoScopy.exe.intermediate.manifest
c:\StereoScopy\StereoScopy\\debug\StereoScopy.ilk
c:\StereoScopy\StereoScopy\\debug\StereoScopy.pdb
c:\StereoScopy\StereoScopy\Debug\cl.command.1.tlog
c:\StereoScopy\StereoScopy\Debug\CL.read.1.tlog
c:\StereoScopy\StereoScopy\Debug\CL.write.1.tlog
c:\StereoScopy\StereoScopy\Debug\link.3724.read.1.tlog
c:\StereoScopy\StereoScopy\Debug\link.3724.write.1.tlog
c:\StereoScopy\StereoScopy\Debug\link.3724-cvtres.read.1.tlog
c:\StereoScopy\StereoScopy\Debug\link.3724-cvtres.write.1.tlog
c:\StereoScopy\StereoScopy\Debug\link.command.1.tlog
c:\StereoScopy\StereoScopy\Debug\link.read.1.tlog
c:\StereoScopy\StereoScopy\Debug\link.write.1.tlog
c:\StereoScopy\StereoScopy\Debug\link-cvtres.read.1.tlog
c:\StereoScopy\StereoScopy\Debug\link-cvtres.write.1.tlog
C:\STEREOSCOPY\STEREOSCOPY\DEBUG\MAIN.OBJ
c:\StereoScopy\StereoScopy\Debug\mt.command.1.tlog
c:\StereoScopy\StereoScopy\Debug\mt.read.1.tlog
c:\StereoScopy\StereoScopy\Debug\mt.write.1.tlog
C:\STEREOSCOPY\STEREOSCOPY\DEBUG\MYAPPLICATION.OBJ
C:\STEREOSCOPY\STEREOSCOPY\DEBUG\MYFRAMELISTENER.OBJ
c:\StereoScopy\StereoScopy\Debug\rc.command.1.tlog
c:\StereoScopy\StereoScopy\Debug\rc.read.1.tlog
c:\StereoScopy\StereoScopy\Debug\rc.write.1.tlog
C:\STEREOSCOPY\STEREOSCOPY\DEBUG\STEREOSCOPY.EXE
C:\STEREOSCOPY\STEREOSCOPY\DEBUG\STEREOSCOPY.EXE.EMBED.MANIFEST
C:\STEREOSCOPY\STEREOSCOPY\DEBUG\STEREOSCOPY.EXE.EMBED.MANIFEST.RES
C:\STEREOSCOPY\STEREOSCOPY\DEBUG\STEREOSCOPY.EXE.INTERMEDIATE.MANIFEST
C:\STEREOSCOPY\STEREOSCOPY\DEBUG\STEREOSCOPY.ILK
C:\STEREOSCOPY\STEREOSCOPY\DEBUG\STEREOSCOPY.PDB
c:\StereoScopy\StereoScopy\Debug\StereoScopy_manifest.rc
c:\StereoScopy\StereoScopy\Debug\vc100.idb
C:\STEREOSCOPY\STEREOSCOPY\DEBUG\VC100.PDB
